<?xml version="1.0" encoding="UTF-8"?>
<!-- Generated by org.testng.reporters.JUnitReportReporter -->
<testsuite hostname="Gauravs-MacBook-Pro.local" name="com.qa.Hubspot.tests.HomePageTest" tests="3" failures="0" timestamp="12 Apr 2020 13:44:46 GMT" time="1.140" errors="0">
  <testcase name="getUserNameTest" time="0.122" classname="com.qa.Hubspot.tests.HomePageTest"/>
  <testcase name="verifyHomePgageTitleTest" time="0.237" classname="com.qa.Hubspot.tests.HomePageTest"/>
  <testcase name="verifyHomePageHeaderTest" time="0.781" classname="com.qa.Hubspot.tests.HomePageTest"/>
</testsuite> <!-- com.qa.Hubspot.tests.HomePageTest -->
