<?xml version="1.0" encoding="UTF-8"?>
<!-- Generated by org.testng.reporters.JUnitReportReporter -->
<testsuite hostname="Gauravs-MacBook-Pro.local" name="com.qa.Hubspot.tests.HomePageTest" tests="3" failures="0" timestamp="13 Apr 2020 09:43:35 GMT" time="1.152" errors="0">
  <testcase name="getUserNameTest" time="0.131" classname="com.qa.Hubspot.tests.HomePageTest"/>
  <testcase name="verifyHomePgageTitleTest" time="0.264" classname="com.qa.Hubspot.tests.HomePageTest"/>
  <testcase name="verifyHomePageHeaderTest" time="0.757" classname="com.qa.Hubspot.tests.HomePageTest"/>
</testsuite> <!-- com.qa.Hubspot.tests.HomePageTest -->
