<?xml version="1.0" encoding="UTF-8"?>
<!-- Generated by org.testng.reporters.JUnitReportReporter -->
<testsuite skipped="0" hostname="Gauravs-MacBook-Pro.local" name="com.qa.Hubspot.tests.HomePageTest" tests="3" failures="0" timestamp="11 Apr 2020 11:23:11 GMT" time="0.724" errors="0">
  <testcase name="verifyHomePgageTitleTest" time="0.017" classname="com.qa.Hubspot.tests.HomePageTest"/>
  <testcase name="verifyHomePageHeaderTest" time="0.614" classname="com.qa.Hubspot.tests.HomePageTest"/>
  <testcase name="getUserNameTest" time="0.093" classname="com.qa.Hubspot.tests.HomePageTest"/>
</testsuite> <!-- com.qa.Hubspot.tests.HomePageTest -->
